[debug] [2020-09-05T10:21:53.483Z] ----------------------------------------------------------------------
[debug] [2020-09-05T10:21:53.485Z] Command:       C:\Program Files\nodejs\node.exe C:\Users\nimum\AppData\Roaming\npm\node_modules\firebase-tools\lib\bin\firebase.js init
[debug] [2020-09-05T10:21:53.486Z] CLI Version:   8.7.0
[debug] [2020-09-05T10:21:53.486Z] Platform:      win32
[debug] [2020-09-05T10:21:53.486Z] Node Version:  v14.2.0
[debug] [2020-09-05T10:21:53.486Z] Time:          Sat Sep 05 2020 15:51:53 GMT+0530 (India Standard Time)
[debug] [2020-09-05T10:21:53.487Z] ----------------------------------------------------------------------
[debug] [2020-09-05T10:21:53.487Z] 
[debug] [2020-09-05T10:21:53.499Z] > command requires scopes: ["email","openid","https://www.googleapis.com/auth/cloudplatformprojects.readonly","https://www.googleapis.com/auth/firebase","https://www.googleapis.com/auth/cloud-platform"]
[debug] [2020-09-05T10:21:53.500Z] > authorizing via signed-in user
[info] 
     ######## #### ########  ######## ########     ###     ######  ########
     ##        ##  ##     ## ##       ##     ##  ##   ##  ##       ##
     ######    ##  ########  ######   ########  #########  ######  ######
     ##        ##  ##    ##  ##       ##     ## ##     ##       ## ##
     ##       #### ##     ## ######## ########  ##     ##  ######  ########

You're about to initialize a Firebase project in this directory:

  C:\Users\nimum\Desktop\amazon-clone

Before we get started, keep in mind:

  * You are initializing in an existing Firebase project directory

